# JRE version: Java(TM) SE Runtime Environment (8.0_111-b14) (build 1.8.0_111-b14)
# Java VM: Java HotSpot(TM) 64-Bit Server VM (25.111-b14 mixed mode linux-amd64 compressed oops)
Heap:
 PSYoungGen      total 247296K, used 158269K [0x00000000eab00000, 0x00000000fd200000, 0x0000000100000000)
  eden space 231936K, 68% used [0x00000000eab00000,0x00000000f458f418,0x00000000f8d80000)
  from space 15360K, 0% used [0x00000000fb280000,0x00000000fb280000,0x00000000fc180000)
  to   space 16896K, 0% used [0x00000000fc180000,0x00000000fc180000,0x00000000fd200000)
 ParOldGen       total 58880K, used 58846K [0x00000000c0000000, 0x00000000c3980000, 0x00000000eab00000)
  object space 58880K, 99% used [0x00000000c0000000,0x00000000c3977878,0x00000000c3980000)
 Metaspace       used 61311K, capacity 64534K, committed 64640K, reserved 1105920K
  class space    used 8090K, capacity 8759K, committed 8832K, reserved 1048576K
GC Heap History (10 events):
Event: 291.740 GC heap before
{Heap before GC invocations=19 (full 4):
 PSYoungGen      total 263680K, used 252033K [0x00000000eab00000, 0x00000000fe700000, 0x0000000100000000)
  eden space 242176K, 100% used [0x00000000eab00000,0x00000000f9780000,0x00000000f9780000)
  from space 21504K, 45% used [0x00000000fab80000,0x00000000fb520670,0x00000000fc080000)
  to   space 20480K, 0% used [0x00000000f9780000,0x00000000f9780000,0x00000000fab80000)
 ParOldGen       total 58880K, used 43488K [0x00000000c0000000, 0x00000000c3980000, 0x00000000eab00000)
  object space 58880K, 73% used [0x00000000c0000000,0x00000000c2a78388,0x00000000c3980000)
 Metaspace       used 52129K, capacity 54840K, committed 55040K, reserved 1097728K
  class space    used 7034K, capacity 7640K, committed 7680K, reserved 1048576K
Event: 291.786 GC heap after
Heap after GC invocations=19 (full 4):
 PSYoungGen      total 262656K, used 20454K [0x00000000eab00000, 0x00000000fe900000, 0x0000000100000000)
  eden space 242176K, 0% used [0x00000000eab00000,0x00000000eab00000,0x00000000f9780000)
  from space 20480K, 99% used [0x00000000f9780000,0x00000000fab79928,0x00000000fab80000)
  to   space 24064K, 0% used [0x00000000fd180000,0x00000000fd180000,0x00000000fe900000)
 ParOldGen       total 58880K, used 45065K [0x00000000c0000000, 0x00000000c3980000, 0x00000000eab00000)
  object space 58880K, 76% used [0x00000000c0000000,0x00000000c2c02758,0x00000000c3980000)
 Metaspace       used 52129K, capacity 54840K, committed 55040K, reserved 1097728K
  class space    used 7034K, capacity 7640K, committed 7680K, reserved 1048576K
}
Event: 533.614 GC heap before
{Heap before GC invocations=20 (full 4):
 PSYoungGen      total 262656K, used 261576K [0x00000000eab00000, 0x00000000fe900000, 0x0000000100000000)
  eden space 242176K, 99% used [0x00000000eab00000,0x00000000f96789d8,0x00000000f9780000)
  from space 20480K, 99% used [0x00000000f9780000,0x00000000fab79928,0x00000000fab80000)
  to   space 24064K, 0% used [0x00000000fd180000,0x00000000fd180000,0x00000000fe900000)
 ParOldGen       total 58880K, used 45065K [0x00000000c0000000, 0x00000000c3980000, 0x00000000eab00000)
  object space 58880K, 76% used [0x00000000c0000000,0x00000000c2c02758,0x00000000c3980000)
 Metaspace       used 57795K, capacity 60788K, committed 60928K, reserved 1101824K
  class space    used 7763K, capacity 8387K, committed 8448K, reserved 1048576K
Event: 533.657 GC heap after
Heap after GC invocations=20 (full 4):
 PSYoungGen      total 253440K, used 21450K [0x00000000eab00000, 0x00000000fe680000, 0x0000000100000000)
  eden space 231936K, 0% used [0x00000000eab00000,0x00000000eab00000,0x00000000f8d80000)
  from space 21504K, 99% used [0x00000000fd180000,0x00000000fe672ab0,0x00000000fe680000)
  to   space 26624K, 0% used [0x00000000fb280000,0x00000000fb280000,0x00000000fcc80000)
 ParOldGen       total 58880K, used 45073K [0x00000000c0000000, 0x00000000c3980000, 0x00000000eab00000)
  object space 58880K, 76% used [0x00000000c0000000,0x00000000c2c04758,0x00000000c3980000)
 Metaspace       used 57795K, capacity 60788K, committed 60928K, reserved 1101824K
  class space    used 7763K, capacity 8387K, committed 8448K, reserved 1048576K
}
Event: 578.306 GC heap before
{Heap before GC invocations=21 (full 4):
 PSYoungGen      total 253440K, used 112293K [0x00000000eab00000, 0x00000000fe680000, 0x0000000100000000)
  eden space 231936K, 39% used [0x00000000eab00000,0x00000000f03b6ab8,0x00000000f8d80000)
  from space 21504K, 99% used [0x00000000fd180000,0x00000000fe672ab0,0x00000000fe680000)
  to   space 26624K, 0% used [0x00000000fb280000,0x00000000fb280000,0x00000000fcc80000)
 ParOldGen       total 58880K, used 45073K [0x00000000c0000000, 0x00000000c3980000, 0x00000000eab00000)
  object space 58880K, 76% used [0x00000000c0000000,0x00000000c2c04758,0x00000000c3980000)
 Metaspace       used 60383K, capacity 63364K, committed 63488K, reserved 1103872K
  class space    used 8029K, capacity 8683K, committed 8704K, reserved 1048576K
Event: 579.006 GC heap after
Heap after GC invocations=21 (full 4):
 PSYoungGen      total 247296K, used 15215K [0x00000000eab00000, 0x00000000fd200000, 0x0000000100000000)
  eden space 231936K, 0% used [0x00000000eab00000,0x00000000eab00000,0x00000000f8d80000)
  from space 15360K, 99% used [0x00000000fb280000,0x00000000fc15bd28,0x00000000fc180000)
  to   space 16896K, 0% used [0x00000000fc180000,0x00000000fc180000,0x00000000fd200000)
 ParOldGen       total 58880K, used 45089K [0x00000000c0000000, 0x00000000c3980000, 0x00000000eab00000)
  object space 58880K, 76% used [0x00000000c0000000,0x00000000c2c08758,0x00000000c3980000)
 Metaspace       used 60383K, capacity 63364K, committed 63488K, reserved 1103872K
  class space    used 8029K, capacity 8683K, committed 8704K, reserved 1048576K
}
Event: 579.006 GC heap before
{Heap before GC invocations=22 (full 5):
 PSYoungGen      total 247296K, used 15215K [0x00000000eab00000, 0x00000000fd200000, 0x0000000100000000)
  eden space 231936K, 0% used [0x00000000eab00000,0x00000000eab00000,0x00000000f8d80000)
  from space 15360K, 99% used [0x00000000fb280000,0x00000000fc15bd28,0x00000000fc180000)
  to   space 16896K, 0% used [0x00000000fc180000,0x00000000fc180000,0x00000000fd200000)
 ParOldGen       total 58880K, used 45089K [0x00000000c0000000, 0x00000000c3980000, 0x00000000eab00000)
  object space 58880K, 76% used [0x00000000c0000000,0x00000000c2c08758,0x00000000c3980000)
 Metaspace       used 60383K, capacity 63364K, committed 63488K, reserved 1103872K
  class space    used 8029K, capacity 8683K, committed 8704K, reserved 1048576K
Event: 580.373 GC heap after
Heap after GC invocations=22 (full 5):
 PSYoungGen      total 247296K, used 0K [0x00000000eab00000, 0x00000000fd200000, 0x0000000100000000)
  eden space 231936K, 0% used [0x00000000eab00000,0x00000000eab00000,0x00000000f8d80000)
  from space 15360K, 0% used [0x00000000fb280000,0x00000000fb280000,0x00000000fc180000)
  to   space 16896K, 0% used [0x00000000fc180000,0x00000000fc180000,0x00000000fd200000)
 ParOldGen       total 58880K, used 56450K [0x00000000c0000000, 0x00000000c3980000, 0x00000000eab00000)
  object space 58880K, 95% used [0x00000000c0000000,0x00000000c3720a00,0x00000000c3980000)
 Metaspace       used 60340K, capacity 63254K, committed 63488K, reserved 1103872K
  class space    used 8016K, capacity 8669K, committed 8704K, reserved 1048576K
}
Event: 863.707 GC heap before
{Heap before GC invocations=23 (full 6):
 PSYoungGen      total 247296K, used 160696K [0x00000000eab00000, 0x00000000fd200000, 0x0000000100000000)
  eden space 231936K, 69% used [0x00000000eab00000,0x00000000f47ee0c8,0x00000000f8d80000)
  from space 15360K, 0% used [0x00000000fb280000,0x00000000fb280000,0x00000000fc180000)
  to   space 16896K, 0% used [0x00000000fc180000,0x00000000fc180000,0x00000000fd200000)
 ParOldGen       total 58880K, used 56450K [0x00000000c0000000, 0x00000000c3980000, 0x00000000eab00000)
  object space 58880K, 95% used [0x00000000c0000000,0x00000000c3720a00,0x00000000c3980000)
 Metaspace       used 61006K, capacity 64052K, committed 64384K, reserved 1105920K
  class space    used 8057K, capacity 8719K, committed 8832K, reserved 1048576K
Event: 864.112 GC heap after
Heap after GC invocations=23 (full 6):
 PSYoungGen      total 247296K, used 2764K [0x00000000eab00000, 0x00000000fd200000, 0x0000000100000000)
  eden space 231936K, 1% used [0x00000000eab00000,0x00000000eadb31f0,0x00000000f8d80000)
  from space 15360K, 0% used [0x00000000fb280000,0x00000000fb280000,0x00000000fc180000)
  to   space 16896K, 0% used [0x00000000fc180000,0x00000000fc180000,0x00000000fd200000)
 ParOldGen       total 58880K, used 58846K [0x00000000c0000000, 0x00000000c3980000, 0x00000000eab00000)
  object space 58880K, 99% used [0x00000000c0000000,0x00000000c3977878,0x00000000c3980000)
 Metaspace       used 61006K, capacity 64052K, committed 64384K, reserved 1105920K
  class space    used 8057K, capacity 8719K, committed 8832K, reserved 1048576K
}

